[debug] [2026-06-08T01:02:17.794Z] [Firebase Plugin] Activating Firebase extension.
[debug] [2026-06-08T01:02:39.956Z] [Firebase Plugin] requireAuthWrapper
[debug] [2026-06-08T01:02:39.959Z] > command requires scopes: ["email","openid","https://www.googleapis.com/auth/cloudplatformprojects.readonly","https://www.googleapis.com/auth/firebase","https://www.googleapis.com/auth/cloud-platform"]
[debug] [2026-06-08T01:02:39.960Z] > authorizing via signed-in user (globulinternet@gmail.com)
[debug] [2026-06-08T01:02:39.964Z] Checked if tokens are valid: false, expires at: 1780878487371
[debug] [2026-06-08T01:02:39.965Z] Checked if tokens are valid: false, expires at: 1780878487371
[debug] [2026-06-08T01:02:39.966Z] > refreshing access token with scopes: []
[debug] [2026-06-08T01:02:39.968Z] >>> [apiv2][query] POST https://www.googleapis.com/oauth2/v3/token [none]
[debug] [2026-06-08T01:02:39.968Z] >>> [apiv2][body] POST https://www.googleapis.com/oauth2/v3/token [omitted]
[info] [Firebase Plugin] Starting SQL Connect toolkit (version 3.4.10) on port 50002
[debug] [2026-06-08T01:02:40.738Z] 'fdc build' failed with error: Unable to build your SQL Connect schema and connectors (exit code 1): E0608 04:02:40.719918    8016 cmd.go:43] Error loading data connect config: could not find dataconnect.yaml in `c:\Users\hamda\Desktop\All 13-02-2026\Alaa_Tegnology_CO.Root\dataconnect`
 {"metadata":{"emulator":{"name":"dataconnect"},"message":"'fdc build' failed with error: Unable to build your SQL Connect schema and connectors (exit code 1): E0608 04:02:40.719918    8016 cmd.go:43] Error loading data connect config: could not find dataconnect.yaml in `c:\\Users\\hamda\\Desktop\\All 13-02-2026\\Alaa_Tegnology_CO.Root\\dataconnect`\n"}}
[debug] [2026-06-08T01:02:40.739Z] Ignoring unsupported arg: auto_download {"metadata":{"emulator":{"name":"dataconnect"},"message":"Ignoring unsupported arg: auto_download"}}
[debug] [2026-06-08T01:02:40.739Z] Ignoring unsupported arg: port {"metadata":{"emulator":{"name":"dataconnect"},"message":"Ignoring unsupported arg: port"}}
[debug] [2026-06-08T01:02:40.740Z] Starting SQL Connect Emulator with command {"binary":"C:\\Users\\hamda\\.cache\\firebase\\emulators\\dataconnect-emulator-3.4.10.exe","args":["--logtostderr","-v=2","dev","--listen=localhost:50002","--config_dir=c:\\Users\\hamda\\Desktop\\All 13-02-2026\\Alaa_Tegnology_CO.Root\\dataconnect","--enable_output_schema_extensions=true","--enable_output_generated_sdk=true"],"optionalArgs":["listen","config_dir","enable_output_schema_extensions","enable_output_generated_sdk"],"joinArgs":true,"shell":false,"port":9399} {"metadata":{"emulator":{"name":"dataconnect"},"message":"Starting SQL Connect Emulator with command {\"binary\":\"C:\\\\Users\\\\hamda\\\\.cache\\\\firebase\\\\emulators\\\\dataconnect-emulator-3.4.10.exe\",\"args\":[\"--logtostderr\",\"-v=2\",\"dev\",\"--listen=localhost:50002\",\"--config_dir=c:\\\\Users\\\\hamda\\\\Desktop\\\\All 13-02-2026\\\\Alaa_Tegnology_CO.Root\\\\dataconnect\",\"--enable_output_schema_extensions=true\",\"--enable_output_generated_sdk=true\"],\"optionalArgs\":[\"listen\",\"config_dir\",\"enable_output_schema_extensions\",\"enable_output_generated_sdk\"],\"joinArgs\":true,\"shell\":false,\"port\":9399}"}}
[info] i  dataconnect: SQL Connect Emulator logging to dataconnect-debug.log {"metadata":{"emulator":{"name":"dataconnect"},"message":"SQL Connect Emulator logging to \u001b[1mdataconnect-debug.log\u001b[22m"}}
[debug] [2026-06-08T01:02:40.970Z] <<< [apiv2][status] POST https://www.googleapis.com/oauth2/v3/token 200
[debug] [2026-06-08T01:02:40.971Z] <<< [apiv2][body] POST https://www.googleapis.com/oauth2/v3/token [omitted]
[debug] [2026-06-08T01:02:41.016Z] [Firebase Plugin] User found:  globulinternet@gmail.com
[info] [Firebase Plugin] (Core:Project) New user detected, fetching projects
[debug] [2026-06-08T01:02:41.019Z] Checked if tokens are valid: true, expires at: 1780884159971
[debug] [2026-06-08T01:02:41.020Z] >>> [apiv2][query] GET https://firebase.googleapis.com/v1beta1/projects pageSize=1000
[debug] [2026-06-08T01:02:41.272Z] E0608 04:02:41.146978   25120 dev.go:83] Failed to load initial config from "c:\\Users\\hamda\\Desktop\\All 13-02-2026\\Alaa_Tegnology_CO.Root\\dataconnect": could not find dataconnect.yaml in `c:\Users\hamda\Desktop\All 13-02-2026\Alaa_Tegnology_CO.Root\dataconnect`
E0608 04:02:41.206100   25120 watch.go:116] watchAllDir unable to walk dir `c:\Users\hamda\Desktop\All 13-02-2026\Alaa_Tegnology_CO.Root\dataconnect`: GetFileAttributesEx c:\Users\hamda\Desktop\All 13-02-2026\Alaa_Tegnology_CO.Root\dataconnect: The system cannot find the file specified.
 {"metadata":{"emulator":{"name":"dataconnect"},"message":"E0608 04:02:41.146978   25120 dev.go:83] Failed to load initial config from \"c:\\\\Users\\\\hamda\\\\Desktop\\\\All 13-02-2026\\\\Alaa_Tegnology_CO.Root\\\\dataconnect\": could not find dataconnect.yaml in `c:\\Users\\hamda\\Desktop\\All 13-02-2026\\Alaa_Tegnology_CO.Root\\dataconnect`\nE0608 04:02:41.206100   25120 watch.go:116] watchAllDir unable to walk dir `c:\\Users\\hamda\\Desktop\\All 13-02-2026\\Alaa_Tegnology_CO.Root\\dataconnect`: GetFileAttributesEx c:\\Users\\hamda\\Desktop\\All 13-02-2026\\Alaa_Tegnology_CO.Root\\dataconnect: The system cannot find the file specified.\n"}}
[debug] [2026-06-08T01:02:42.330Z] I0608 04:02:41.801212   25120 dev.go:104] Listening on address (HTTP + gRPC): 127.0.0.1:50002
 {"metadata":{"emulator":{"name":"dataconnect"},"message":"I0608 04:02:41.801212   25120 dev.go:104] Listening on address (HTTP + gRPC): 127.0.0.1:50002\n"}}
[debug] [2026-06-08T01:02:42.713Z] <<< [apiv2][status] GET https://firebase.googleapis.com/v1beta1/projects 200
[debug] [2026-06-08T01:02:42.732Z] <<< [apiv2][body] GET https://firebase.googleapis.com/v1beta1/projects [omitted]
[error] [Firebase Plugin] error:  {}
[debug] [2026-06-08T01:02:51.232Z] E0608 04:02:51.231480   25120 watch.go:40] Failed to load config from "c:\\Users\\hamda\\Desktop\\All 13-02-2026\\Alaa_Tegnology_CO.Root\\dataconnect": could not find dataconnect.yaml in `c:\Users\hamda\Desktop\All 13-02-2026\Alaa_Tegnology_CO.Root\dataconnect`
 {"metadata":{"emulator":{"name":"dataconnect"},"message":"E0608 04:02:51.231480   25120 watch.go:40] Failed to load config from \"c:\\\\Users\\\\hamda\\\\Desktop\\\\All 13-02-2026\\\\Alaa_Tegnology_CO.Root\\\\dataconnect\": could not find dataconnect.yaml in `c:\\Users\\hamda\\Desktop\\All 13-02-2026\\Alaa_Tegnology_CO.Root\\dataconnect`\n"}}
[debug] [2026-06-08T01:03:01.213Z] E0608 04:03:01.209997   25120 watch.go:40] Failed to load config from "c:\\Users\\hamda\\Desktop\\All 13-02-2026\\Alaa_Tegnology_CO.Root\\dataconnect": could not find dataconnect.yaml in `c:\Users\hamda\Desktop\All 13-02-2026\Alaa_Tegnology_CO.Root\dataconnect`
 {"metadata":{"emulator":{"name":"dataconnect"},"message":"E0608 04:03:01.209997   25120 watch.go:40] Failed to load config from \"c:\\\\Users\\\\hamda\\\\Desktop\\\\All 13-02-2026\\\\Alaa_Tegnology_CO.Root\\\\dataconnect\": could not find dataconnect.yaml in `c:\\Users\\hamda\\Desktop\\All 13-02-2026\\Alaa_Tegnology_CO.Root\\dataconnect`\n"}}
[debug] [2026-06-08T01:03:11.209Z] E0608 04:03:11.209374   25120 watch.go:40] Failed to load config from "c:\\Users\\hamda\\Desktop\\All 13-02-2026\\Alaa_Tegnology_CO.Root\\dataconnect": could not find dataconnect.yaml in `c:\Users\hamda\Desktop\All 13-02-2026\Alaa_Tegnology_CO.Root\dataconnect`
 {"metadata":{"emulator":{"name":"dataconnect"},"message":"E0608 04:03:11.209374   25120 watch.go:40] Failed to load config from \"c:\\\\Users\\\\hamda\\\\Desktop\\\\All 13-02-2026\\\\Alaa_Tegnology_CO.Root\\\\dataconnect\": could not find dataconnect.yaml in `c:\\Users\\hamda\\Desktop\\All 13-02-2026\\Alaa_Tegnology_CO.Root\\dataconnect`\n"}}
[debug] [2026-06-08T01:03:21.210Z] E0608 04:03:21.209575   25120 watch.go:40] Failed to load config from "c:\\Users\\hamda\\Desktop\\All 13-02-2026\\Alaa_Tegnology_CO.Root\\dataconnect": could not find dataconnect.yaml in `c:\Users\hamda\Desktop\All 13-02-2026\Alaa_Tegnology_CO.Root\dataconnect`
 {"metadata":{"emulator":{"name":"dataconnect"},"message":"E0608 04:03:21.209575   25120 watch.go:40] Failed to load config from \"c:\\\\Users\\\\hamda\\\\Desktop\\\\All 13-02-2026\\\\Alaa_Tegnology_CO.Root\\\\dataconnect\": could not find dataconnect.yaml in `c:\\Users\\hamda\\Desktop\\All 13-02-2026\\Alaa_Tegnology_CO.Root\\dataconnect`\n"}}
[debug] [2026-06-08T01:03:31.209Z] E0608 04:03:31.209348   25120 watch.go:40] Failed to load config from "c:\\Users\\hamda\\Desktop\\All 13-02-2026\\Alaa_Tegnology_CO.Root\\dataconnect": could not find dataconnect.yaml in `c:\Users\hamda\Desktop\All 13-02-2026\Alaa_Tegnology_CO.Root\dataconnect`
 {"metadata":{"emulator":{"name":"dataconnect"},"message":"E0608 04:03:31.209348   25120 watch.go:40] Failed to load config from \"c:\\\\Users\\\\hamda\\\\Desktop\\\\All 13-02-2026\\\\Alaa_Tegnology_CO.Root\\\\dataconnect\": could not find dataconnect.yaml in `c:\\Users\\hamda\\Desktop\\All 13-02-2026\\Alaa_Tegnology_CO.Root\\dataconnect`\n"}}
[debug] [2026-06-08T01:03:41.209Z] E0608 04:03:41.209228   25120 watch.go:116] watchAllDir unable to walk dir `c:\Users\hamda\Desktop\All 13-02-2026\Alaa_Tegnology_CO.Root\dataconnect`: GetFileAttributesEx c:\Users\hamda\Desktop\All 13-02-2026\Alaa_Tegnology_CO.Root\dataconnect: The system cannot find the file specified.
 {"metadata":{"emulator":{"name":"dataconnect"},"message":"E0608 04:03:41.209228   25120 watch.go:116] watchAllDir unable to walk dir `c:\\Users\\hamda\\Desktop\\All 13-02-2026\\Alaa_Tegnology_CO.Root\\dataconnect`: GetFileAttributesEx c:\\Users\\hamda\\Desktop\\All 13-02-2026\\Alaa_Tegnology_CO.Root\\dataconnect: The system cannot find the file specified.\n"}}
[debug] [2026-06-08T01:03:41.210Z] E0608 04:03:41.209228   25120 watch.go:40] Failed to load config from "c:\\Users\\hamda\\Desktop\\All 13-02-2026\\Alaa_Tegnology_CO.Root\\dataconnect": could not find dataconnect.yaml in `c:\Users\hamda\Desktop\All 13-02-2026\Alaa_Tegnology_CO.Root\dataconnect`
 {"metadata":{"emulator":{"name":"dataconnect"},"message":"E0608 04:03:41.209228   25120 watch.go:40] Failed to load config from \"c:\\\\Users\\\\hamda\\\\Desktop\\\\All 13-02-2026\\\\Alaa_Tegnology_CO.Root\\\\dataconnect\": could not find dataconnect.yaml in `c:\\Users\\hamda\\Desktop\\All 13-02-2026\\Alaa_Tegnology_CO.Root\\dataconnect`\n"}}
[debug] [2026-06-08T01:03:51.209Z] E0608 04:03:51.209266   25120 watch.go:40] Failed to load config from "c:\\Users\\hamda\\Desktop\\All 13-02-2026\\Alaa_Tegnology_CO.Root\\dataconnect": could not find dataconnect.yaml in `c:\Users\hamda\Desktop\All 13-02-2026\Alaa_Tegnology_CO.Root\dataconnect`
 {"metadata":{"emulator":{"name":"dataconnect"},"message":"E0608 04:03:51.209266   25120 watch.go:40] Failed to load config from \"c:\\\\Users\\\\hamda\\\\Desktop\\\\All 13-02-2026\\\\Alaa_Tegnology_CO.Root\\\\dataconnect\": could not find dataconnect.yaml in `c:\\Users\\hamda\\Desktop\\All 13-02-2026\\Alaa_Tegnology_CO.Root\\dataconnect`\n"}}
[debug] [2026-06-08T01:04:01.209Z] E0608 04:04:01.209961   25120 watch.go:40] Failed to load config from "c:\\Users\\hamda\\Desktop\\All 13-02-2026\\Alaa_Tegnology_CO.Root\\dataconnect": could not find dataconnect.yaml in `c:\Users\hamda\Desktop\All 13-02-2026\Alaa_Tegnology_CO.Root\dataconnect`
 {"metadata":{"emulator":{"name":"dataconnect"},"message":"E0608 04:04:01.209961   25120 watch.go:40] Failed to load config from \"c:\\\\Users\\\\hamda\\\\Desktop\\\\All 13-02-2026\\\\Alaa_Tegnology_CO.Root\\\\dataconnect\": could not find dataconnect.yaml in `c:\\Users\\hamda\\Desktop\\All 13-02-2026\\Alaa_Tegnology_CO.Root\\dataconnect`\n"}}
[debug] [2026-06-08T01:04:11.209Z] E0608 04:04:11.209429   25120 watch.go:40] Failed to load config from "c:\\Users\\hamda\\Desktop\\All 13-02-2026\\Alaa_Tegnology_CO.Root\\dataconnect": could not find dataconnect.yaml in `c:\Users\hamda\Desktop\All 13-02-2026\Alaa_Tegnology_CO.Root\dataconnect`
 {"metadata":{"emulator":{"name":"dataconnect"},"message":"E0608 04:04:11.209429   25120 watch.go:40] Failed to load config from \"c:\\\\Users\\\\hamda\\\\Desktop\\\\All 13-02-2026\\\\Alaa_Tegnology_CO.Root\\\\dataconnect\": could not find dataconnect.yaml in `c:\\Users\\hamda\\Desktop\\All 13-02-2026\\Alaa_Tegnology_CO.Root\\dataconnect`\n"}}
[debug] [2026-06-08T01:04:21.209Z] E0608 04:04:21.209455   25120 watch.go:40] Failed to load config from "c:\\Users\\hamda\\Desktop\\All 13-02-2026\\Alaa_Tegnology_CO.Root\\dataconnect": could not find dataconnect.yaml in `c:\Users\hamda\Desktop\All 13-02-2026\Alaa_Tegnology_CO.Root\dataconnect`
 {"metadata":{"emulator":{"name":"dataconnect"},"message":"E0608 04:04:21.209455   25120 watch.go:40] Failed to load config from \"c:\\\\Users\\\\hamda\\\\Desktop\\\\All 13-02-2026\\\\Alaa_Tegnology_CO.Root\\\\dataconnect\": could not find dataconnect.yaml in `c:\\Users\\hamda\\Desktop\\All 13-02-2026\\Alaa_Tegnology_CO.Root\\dataconnect`\n"}}
[debug] [2026-06-08T01:04:31.210Z] E0608 04:04:31.209940   25120 watch.go:40] Failed to load config from "c:\\Users\\hamda\\Desktop\\All 13-02-2026\\Alaa_Tegnology_CO.Root\\dataconnect": could not find dataconnect.yaml in `c:\Users\hamda\Desktop\All 13-02-2026\Alaa_Tegnology_CO.Root\dataconnect`
 {"metadata":{"emulator":{"name":"dataconnect"},"message":"E0608 04:04:31.209940   25120 watch.go:40] Failed to load config from \"c:\\\\Users\\\\hamda\\\\Desktop\\\\All 13-02-2026\\\\Alaa_Tegnology_CO.Root\\\\dataconnect\": could not find dataconnect.yaml in `c:\\Users\\hamda\\Desktop\\All 13-02-2026\\Alaa_Tegnology_CO.Root\\dataconnect`\n"}}
[debug] [2026-06-08T01:04:41.209Z] E0608 04:04:41.209148   25120 watch.go:116] watchAllDir unable to walk dir `c:\Users\hamda\Desktop\All 13-02-2026\Alaa_Tegnology_CO.Root\dataconnect`: GetFileAttributesEx c:\Users\hamda\Desktop\All 13-02-2026\Alaa_Tegnology_CO.Root\dataconnect: The system cannot find the file specified.
 {"metadata":{"emulator":{"name":"dataconnect"},"message":"E0608 04:04:41.209148   25120 watch.go:116] watchAllDir unable to walk dir `c:\\Users\\hamda\\Desktop\\All 13-02-2026\\Alaa_Tegnology_CO.Root\\dataconnect`: GetFileAttributesEx c:\\Users\\hamda\\Desktop\\All 13-02-2026\\Alaa_Tegnology_CO.Root\\dataconnect: The system cannot find the file specified.\n"}}
[debug] [2026-06-08T01:04:41.210Z] E0608 04:04:41.210824   25120 watch.go:40] Failed to load config from "c:\\Users\\hamda\\Desktop\\All 13-02-2026\\Alaa_Tegnology_CO.Root\\dataconnect": could not find dataconnect.yaml in `c:\Users\hamda\Desktop\All 13-02-2026\Alaa_Tegnology_CO.Root\dataconnect`
 {"metadata":{"emulator":{"name":"dataconnect"},"message":"E0608 04:04:41.210824   25120 watch.go:40] Failed to load config from \"c:\\\\Users\\\\hamda\\\\Desktop\\\\All 13-02-2026\\\\Alaa_Tegnology_CO.Root\\\\dataconnect\": could not find dataconnect.yaml in `c:\\Users\\hamda\\Desktop\\All 13-02-2026\\Alaa_Tegnology_CO.Root\\dataconnect`\n"}}
[debug] [2026-06-08T01:04:51.209Z] E0608 04:04:51.209353   25120 watch.go:40] Failed to load config from "c:\\Users\\hamda\\Desktop\\All 13-02-2026\\Alaa_Tegnology_CO.Root\\dataconnect": could not find dataconnect.yaml in `c:\Users\hamda\Desktop\All 13-02-2026\Alaa_Tegnology_CO.Root\dataconnect`
 {"metadata":{"emulator":{"name":"dataconnect"},"message":"E0608 04:04:51.209353   25120 watch.go:40] Failed to load config from \"c:\\\\Users\\\\hamda\\\\Desktop\\\\All 13-02-2026\\\\Alaa_Tegnology_CO.Root\\\\dataconnect\": could not find dataconnect.yaml in `c:\\Users\\hamda\\Desktop\\All 13-02-2026\\Alaa_Tegnology_CO.Root\\dataconnect`\n"}}
[debug] [2026-06-08T01:05:01.225Z] E0608 04:05:01.225202   25120 watch.go:40] Failed to load config from "c:\\Users\\hamda\\Desktop\\All 13-02-2026\\Alaa_Tegnology_CO.Root\\dataconnect": could not find dataconnect.yaml in `c:\Users\hamda\Desktop\All 13-02-2026\Alaa_Tegnology_CO.Root\dataconnect`
 {"metadata":{"emulator":{"name":"dataconnect"},"message":"E0608 04:05:01.225202   25120 watch.go:40] Failed to load config from \"c:\\\\Users\\\\hamda\\\\Desktop\\\\All 13-02-2026\\\\Alaa_Tegnology_CO.Root\\\\dataconnect\": could not find dataconnect.yaml in `c:\\Users\\hamda\\Desktop\\All 13-02-2026\\Alaa_Tegnology_CO.Root\\dataconnect`\n"}}
[debug] [2026-06-08T01:05:11.209Z] E0608 04:05:11.209291   25120 watch.go:40] Failed to load config from "c:\\Users\\hamda\\Desktop\\All 13-02-2026\\Alaa_Tegnology_CO.Root\\dataconnect": could not find dataconnect.yaml in `c:\Users\hamda\Desktop\All 13-02-2026\Alaa_Tegnology_CO.Root\dataconnect`
 {"metadata":{"emulator":{"name":"dataconnect"},"message":"E0608 04:05:11.209291   25120 watch.go:40] Failed to load config from \"c:\\\\Users\\\\hamda\\\\Desktop\\\\All 13-02-2026\\\\Alaa_Tegnology_CO.Root\\\\dataconnect\": could not find dataconnect.yaml in `c:\\Users\\hamda\\Desktop\\All 13-02-2026\\Alaa_Tegnology_CO.Root\\dataconnect`\n"}}
[debug] [2026-06-08T01:05:21.208Z] E0608 04:05:21.209120   25120 watch.go:40] Failed to load config from "c:\\Users\\hamda\\Desktop\\All 13-02-2026\\Alaa_Tegnology_CO.Root\\dataconnect": could not find dataconnect.yaml in `c:\Users\hamda\Desktop\All 13-02-2026\Alaa_Tegnology_CO.Root\dataconnect`
 {"metadata":{"emulator":{"name":"dataconnect"},"message":"E0608 04:05:21.209120   25120 watch.go:40] Failed to load config from \"c:\\\\Users\\\\hamda\\\\Desktop\\\\All 13-02-2026\\\\Alaa_Tegnology_CO.Root\\\\dataconnect\": could not find dataconnect.yaml in `c:\\Users\\hamda\\Desktop\\All 13-02-2026\\Alaa_Tegnology_CO.Root\\dataconnect`\n"}}
[debug] [2026-06-08T01:05:31.209Z] E0608 04:05:31.209365   25120 watch.go:40] Failed to load config from "c:\\Users\\hamda\\Desktop\\All 13-02-2026\\Alaa_Tegnology_CO.Root\\dataconnect": could not find dataconnect.yaml in `c:\Users\hamda\Desktop\All 13-02-2026\Alaa_Tegnology_CO.Root\dataconnect`
 {"metadata":{"emulator":{"name":"dataconnect"},"message":"E0608 04:05:31.209365   25120 watch.go:40] Failed to load config from \"c:\\\\Users\\\\hamda\\\\Desktop\\\\All 13-02-2026\\\\Alaa_Tegnology_CO.Root\\\\dataconnect\": could not find dataconnect.yaml in `c:\\Users\\hamda\\Desktop\\All 13-02-2026\\Alaa_Tegnology_CO.Root\\dataconnect`\n"}}
[debug] [2026-06-08T01:05:41.209Z] E0608 04:05:41.209322   25120 watch.go:116] watchAllDir unable to walk dir `c:\Users\hamda\Desktop\All 13-02-2026\Alaa_Tegnology_CO.Root\dataconnect`: GetFileAttributesEx c:\Users\hamda\Desktop\All 13-02-2026\Alaa_Tegnology_CO.Root\dataconnect: The system cannot find the file specified.
 {"metadata":{"emulator":{"name":"dataconnect"},"message":"E0608 04:05:41.209322   25120 watch.go:116] watchAllDir unable to walk dir `c:\\Users\\hamda\\Desktop\\All 13-02-2026\\Alaa_Tegnology_CO.Root\\dataconnect`: GetFileAttributesEx c:\\Users\\hamda\\Desktop\\All 13-02-2026\\Alaa_Tegnology_CO.Root\\dataconnect: The system cannot find the file specified.\n"}}
[debug] [2026-06-08T01:05:41.210Z] E0608 04:05:41.209322   25120 watch.go:40] Failed to load config from "c:\\Users\\hamda\\Desktop\\All 13-02-2026\\Alaa_Tegnology_CO.Root\\dataconnect": could not find dataconnect.yaml in `c:\Users\hamda\Desktop\All 13-02-2026\Alaa_Tegnology_CO.Root\dataconnect`
 {"metadata":{"emulator":{"name":"dataconnect"},"message":"E0608 04:05:41.209322   25120 watch.go:40] Failed to load config from \"c:\\\\Users\\\\hamda\\\\Desktop\\\\All 13-02-2026\\\\Alaa_Tegnology_CO.Root\\\\dataconnect\": could not find dataconnect.yaml in `c:\\Users\\hamda\\Desktop\\All 13-02-2026\\Alaa_Tegnology_CO.Root\\dataconnect`\n"}}
[debug] [2026-06-08T01:05:51.209Z] E0608 04:05:51.209308   25120 watch.go:40] Failed to load config from "c:\\Users\\hamda\\Desktop\\All 13-02-2026\\Alaa_Tegnology_CO.Root\\dataconnect": could not find dataconnect.yaml in `c:\Users\hamda\Desktop\All 13-02-2026\Alaa_Tegnology_CO.Root\dataconnect`
 {"metadata":{"emulator":{"name":"dataconnect"},"message":"E0608 04:05:51.209308   25120 watch.go:40] Failed to load config from \"c:\\\\Users\\\\hamda\\\\Desktop\\\\All 13-02-2026\\\\Alaa_Tegnology_CO.Root\\\\dataconnect\": could not find dataconnect.yaml in `c:\\Users\\hamda\\Desktop\\All 13-02-2026\\Alaa_Tegnology_CO.Root\\dataconnect`\n"}}
[debug] [2026-06-08T01:06:01.209Z] E0608 04:06:01.209543   25120 watch.go:40] Failed to load config from "c:\\Users\\hamda\\Desktop\\All 13-02-2026\\Alaa_Tegnology_CO.Root\\dataconnect": could not find dataconnect.yaml in `c:\Users\hamda\Desktop\All 13-02-2026\Alaa_Tegnology_CO.Root\dataconnect`
 {"metadata":{"emulator":{"name":"dataconnect"},"message":"E0608 04:06:01.209543   25120 watch.go:40] Failed to load config from \"c:\\\\Users\\\\hamda\\\\Desktop\\\\All 13-02-2026\\\\Alaa_Tegnology_CO.Root\\\\dataconnect\": could not find dataconnect.yaml in `c:\\Users\\hamda\\Desktop\\All 13-02-2026\\Alaa_Tegnology_CO.Root\\dataconnect`\n"}}
[debug] [2026-06-08T01:06:11.209Z] E0608 04:06:11.209358   25120 watch.go:40] Failed to load config from "c:\\Users\\hamda\\Desktop\\All 13-02-2026\\Alaa_Tegnology_CO.Root\\dataconnect": could not find dataconnect.yaml in `c:\Users\hamda\Desktop\All 13-02-2026\Alaa_Tegnology_CO.Root\dataconnect`
 {"metadata":{"emulator":{"name":"dataconnect"},"message":"E0608 04:06:11.209358   25120 watch.go:40] Failed to load config from \"c:\\\\Users\\\\hamda\\\\Desktop\\\\All 13-02-2026\\\\Alaa_Tegnology_CO.Root\\\\dataconnect\": could not find dataconnect.yaml in `c:\\Users\\hamda\\Desktop\\All 13-02-2026\\Alaa_Tegnology_CO.Root\\dataconnect`\n"}}
[debug] [2026-06-08T01:06:21.208Z] E0608 04:06:21.209037   25120 watch.go:40] Failed to load config from "c:\\Users\\hamda\\Desktop\\All 13-02-2026\\Alaa_Tegnology_CO.Root\\dataconnect": could not find dataconnect.yaml in `c:\Users\hamda\Desktop\All 13-02-2026\Alaa_Tegnology_CO.Root\dataconnect`
 {"metadata":{"emulator":{"name":"dataconnect"},"message":"E0608 04:06:21.209037   25120 watch.go:40] Failed to load config from \"c:\\\\Users\\\\hamda\\\\Desktop\\\\All 13-02-2026\\\\Alaa_Tegnology_CO.Root\\\\dataconnect\": could not find dataconnect.yaml in `c:\\Users\\hamda\\Desktop\\All 13-02-2026\\Alaa_Tegnology_CO.Root\\dataconnect`\n"}}
[debug] [2026-06-08T01:06:31.211Z] E0608 04:06:31.211448   25120 watch.go:40] Failed to load config from "c:\\Users\\hamda\\Desktop\\All 13-02-2026\\Alaa_Tegnology_CO.Root\\dataconnect": could not find dataconnect.yaml in `c:\Users\hamda\Desktop\All 13-02-2026\Alaa_Tegnology_CO.Root\dataconnect`
 {"metadata":{"emulator":{"name":"dataconnect"},"message":"E0608 04:06:31.211448   25120 watch.go:40] Failed to load config from \"c:\\\\Users\\\\hamda\\\\Desktop\\\\All 13-02-2026\\\\Alaa_Tegnology_CO.Root\\\\dataconnect\": could not find dataconnect.yaml in `c:\\Users\\hamda\\Desktop\\All 13-02-2026\\Alaa_Tegnology_CO.Root\\dataconnect`\n"}}
[debug] [2026-06-08T01:06:41.209Z] E0608 04:06:41.209306   25120 watch.go:116] watchAllDir unable to walk dir `c:\Users\hamda\Desktop\All 13-02-2026\Alaa_Tegnology_CO.Root\dataconnect`: GetFileAttributesEx c:\Users\hamda\Desktop\All 13-02-2026\Alaa_Tegnology_CO.Root\dataconnect: The system cannot find the file specified.
 {"metadata":{"emulator":{"name":"dataconnect"},"message":"E0608 04:06:41.209306   25120 watch.go:116] watchAllDir unable to walk dir `c:\\Users\\hamda\\Desktop\\All 13-02-2026\\Alaa_Tegnology_CO.Root\\dataconnect`: GetFileAttributesEx c:\\Users\\hamda\\Desktop\\All 13-02-2026\\Alaa_Tegnology_CO.Root\\dataconnect: The system cannot find the file specified.\n"}}
[debug] [2026-06-08T01:06:41.210Z] E0608 04:06:41.209306   25120 watch.go:40] Failed to load config from "c:\\Users\\hamda\\Desktop\\All 13-02-2026\\Alaa_Tegnology_CO.Root\\dataconnect": could not find dataconnect.yaml in `c:\Users\hamda\Desktop\All 13-02-2026\Alaa_Tegnology_CO.Root\dataconnect`
 {"metadata":{"emulator":{"name":"dataconnect"},"message":"E0608 04:06:41.209306   25120 watch.go:40] Failed to load config from \"c:\\\\Users\\\\hamda\\\\Desktop\\\\All 13-02-2026\\\\Alaa_Tegnology_CO.Root\\\\dataconnect\": could not find dataconnect.yaml in `c:\\Users\\hamda\\Desktop\\All 13-02-2026\\Alaa_Tegnology_CO.Root\\dataconnect`\n"}}
[debug] [2026-06-08T01:06:51.211Z] E0608 04:06:51.211513   25120 watch.go:40] Failed to load config from "c:\\Users\\hamda\\Desktop\\All 13-02-2026\\Alaa_Tegnology_CO.Root\\dataconnect": could not find dataconnect.yaml in `c:\Users\hamda\Desktop\All 13-02-2026\Alaa_Tegnology_CO.Root\dataconnect`
 {"metadata":{"emulator":{"name":"dataconnect"},"message":"E0608 04:06:51.211513   25120 watch.go:40] Failed to load config from \"c:\\\\Users\\\\hamda\\\\Desktop\\\\All 13-02-2026\\\\Alaa_Tegnology_CO.Root\\\\dataconnect\": could not find dataconnect.yaml in `c:\\Users\\hamda\\Desktop\\All 13-02-2026\\Alaa_Tegnology_CO.Root\\dataconnect`\n"}}
[debug] [2026-06-08T01:07:01.209Z] E0608 04:07:01.209472   25120 watch.go:40] Failed to load config from "c:\\Users\\hamda\\Desktop\\All 13-02-2026\\Alaa_Tegnology_CO.Root\\dataconnect": could not find dataconnect.yaml in `c:\Users\hamda\Desktop\All 13-02-2026\Alaa_Tegnology_CO.Root\dataconnect`
 {"metadata":{"emulator":{"name":"dataconnect"},"message":"E0608 04:07:01.209472   25120 watch.go:40] Failed to load config from \"c:\\\\Users\\\\hamda\\\\Desktop\\\\All 13-02-2026\\\\Alaa_Tegnology_CO.Root\\\\dataconnect\": could not find dataconnect.yaml in `c:\\Users\\hamda\\Desktop\\All 13-02-2026\\Alaa_Tegnology_CO.Root\\dataconnect`\n"}}
[debug] [2026-06-08T01:07:14.713Z] E0608 04:07:11.209141   25120 watch.go:40] Failed to load config from "c:\\Users\\hamda\\Desktop\\All 13-02-2026\\Alaa_Tegnology_CO.Root\\dataconnect": could not find dataconnect.yaml in `c:\Users\hamda\Desktop\All 13-02-2026\Alaa_Tegnology_CO.Root\dataconnect`
 {"metadata":{"emulator":{"name":"dataconnect"},"message":"E0608 04:07:11.209141   25120 watch.go:40] Failed to load config from \"c:\\\\Users\\\\hamda\\\\Desktop\\\\All 13-02-2026\\\\Alaa_Tegnology_CO.Root\\\\dataconnect\": could not find dataconnect.yaml in `c:\\Users\\hamda\\Desktop\\All 13-02-2026\\Alaa_Tegnology_CO.Root\\dataconnect`\n"}}
[debug] [2026-06-08T01:07:21.210Z] E0608 04:07:21.209206   25120 watch.go:40] Failed to load config from "c:\\Users\\hamda\\Desktop\\All 13-02-2026\\Alaa_Tegnology_CO.Root\\dataconnect": could not find dataconnect.yaml in `c:\Users\hamda\Desktop\All 13-02-2026\Alaa_Tegnology_CO.Root\dataconnect`
 {"metadata":{"emulator":{"name":"dataconnect"},"message":"E0608 04:07:21.209206   25120 watch.go:40] Failed to load config from \"c:\\\\Users\\\\hamda\\\\Desktop\\\\All 13-02-2026\\\\Alaa_Tegnology_CO.Root\\\\dataconnect\": could not find dataconnect.yaml in `c:\\Users\\hamda\\Desktop\\All 13-02-2026\\Alaa_Tegnology_CO.Root\\dataconnect`\n"}}
[debug] [2026-06-08T01:07:31.209Z] E0608 04:07:31.209903   25120 watch.go:40] Failed to load config from "c:\\Users\\hamda\\Desktop\\All 13-02-2026\\Alaa_Tegnology_CO.Root\\dataconnect": could not find dataconnect.yaml in `c:\Users\hamda\Desktop\All 13-02-2026\Alaa_Tegnology_CO.Root\dataconnect`
 {"metadata":{"emulator":{"name":"dataconnect"},"message":"E0608 04:07:31.209903   25120 watch.go:40] Failed to load config from \"c:\\\\Users\\\\hamda\\\\Desktop\\\\All 13-02-2026\\\\Alaa_Tegnology_CO.Root\\\\dataconnect\": could not find dataconnect.yaml in `c:\\Users\\hamda\\Desktop\\All 13-02-2026\\Alaa_Tegnology_CO.Root\\dataconnect`\n"}}
[debug] [2026-06-08T01:07:41.214Z] E0608 04:07:41.211592   25120 watch.go:116] watchAllDir unable to walk dir `c:\Users\hamda\Desktop\All 13-02-2026\Alaa_Tegnology_CO.Root\dataconnect`: GetFileAttributesEx c:\Users\hamda\Desktop\All 13-02-2026\Alaa_Tegnology_CO.Root\dataconnect: The system cannot find the file specified.
 {"metadata":{"emulator":{"name":"dataconnect"},"message":"E0608 04:07:41.211592   25120 watch.go:116] watchAllDir unable to walk dir `c:\\Users\\hamda\\Desktop\\All 13-02-2026\\Alaa_Tegnology_CO.Root\\dataconnect`: GetFileAttributesEx c:\\Users\\hamda\\Desktop\\All 13-02-2026\\Alaa_Tegnology_CO.Root\\dataconnect: The system cannot find the file specified.\n"}}
[debug] [2026-06-08T01:07:41.215Z] E0608 04:07:41.212155   25120 watch.go:40] Failed to load config from "c:\\Users\\hamda\\Desktop\\All 13-02-2026\\Alaa_Tegnology_CO.Root\\dataconnect": could not find dataconnect.yaml in `c:\Users\hamda\Desktop\All 13-02-2026\Alaa_Tegnology_CO.Root\dataconnect`
 {"metadata":{"emulator":{"name":"dataconnect"},"message":"E0608 04:07:41.212155   25120 watch.go:40] Failed to load config from \"c:\\\\Users\\\\hamda\\\\Desktop\\\\All 13-02-2026\\\\Alaa_Tegnology_CO.Root\\\\dataconnect\": could not find dataconnect.yaml in `c:\\Users\\hamda\\Desktop\\All 13-02-2026\\Alaa_Tegnology_CO.Root\\dataconnect`\n"}}
[debug] [2026-06-08T01:07:51.209Z] E0608 04:07:51.209173   25120 watch.go:40] Failed to load config from "c:\\Users\\hamda\\Desktop\\All 13-02-2026\\Alaa_Tegnology_CO.Root\\dataconnect": could not find dataconnect.yaml in `c:\Users\hamda\Desktop\All 13-02-2026\Alaa_Tegnology_CO.Root\dataconnect`
 {"metadata":{"emulator":{"name":"dataconnect"},"message":"E0608 04:07:51.209173   25120 watch.go:40] Failed to load config from \"c:\\\\Users\\\\hamda\\\\Desktop\\\\All 13-02-2026\\\\Alaa_Tegnology_CO.Root\\\\dataconnect\": could not find dataconnect.yaml in `c:\\Users\\hamda\\Desktop\\All 13-02-2026\\Alaa_Tegnology_CO.Root\\dataconnect`\n"}}
[debug] [2026-06-08T01:08:01.209Z] E0608 04:08:01.209193   25120 watch.go:40] Failed to load config from "c:\\Users\\hamda\\Desktop\\All 13-02-2026\\Alaa_Tegnology_CO.Root\\dataconnect": could not find dataconnect.yaml in `c:\Users\hamda\Desktop\All 13-02-2026\Alaa_Tegnology_CO.Root\dataconnect`
 {"metadata":{"emulator":{"name":"dataconnect"},"message":"E0608 04:08:01.209193   25120 watch.go:40] Failed to load config from \"c:\\\\Users\\\\hamda\\\\Desktop\\\\All 13-02-2026\\\\Alaa_Tegnology_CO.Root\\\\dataconnect\": could not find dataconnect.yaml in `c:\\Users\\hamda\\Desktop\\All 13-02-2026\\Alaa_Tegnology_CO.Root\\dataconnect`\n"}}
[debug] [2026-06-08T01:08:11.209Z] E0608 04:08:11.209418   25120 watch.go:40] Failed to load config from "c:\\Users\\hamda\\Desktop\\All 13-02-2026\\Alaa_Tegnology_CO.Root\\dataconnect": could not find dataconnect.yaml in `c:\Users\hamda\Desktop\All 13-02-2026\Alaa_Tegnology_CO.Root\dataconnect`
 {"metadata":{"emulator":{"name":"dataconnect"},"message":"E0608 04:08:11.209418   25120 watch.go:40] Failed to load config from \"c:\\\\Users\\\\hamda\\\\Desktop\\\\All 13-02-2026\\\\Alaa_Tegnology_CO.Root\\\\dataconnect\": could not find dataconnect.yaml in `c:\\Users\\hamda\\Desktop\\All 13-02-2026\\Alaa_Tegnology_CO.Root\\dataconnect`\n"}}
[debug] [2026-06-08T01:08:21.209Z] E0608 04:08:21.209390   25120 watch.go:40] Failed to load config from "c:\\Users\\hamda\\Desktop\\All 13-02-2026\\Alaa_Tegnology_CO.Root\\dataconnect": could not find dataconnect.yaml in `c:\Users\hamda\Desktop\All 13-02-2026\Alaa_Tegnology_CO.Root\dataconnect`
 {"metadata":{"emulator":{"name":"dataconnect"},"message":"E0608 04:08:21.209390   25120 watch.go:40] Failed to load config from \"c:\\\\Users\\\\hamda\\\\Desktop\\\\All 13-02-2026\\\\Alaa_Tegnology_CO.Root\\\\dataconnect\": could not find dataconnect.yaml in `c:\\Users\\hamda\\Desktop\\All 13-02-2026\\Alaa_Tegnology_CO.Root\\dataconnect`\n"}}
[debug] [2026-06-08T01:08:31.209Z] E0608 04:08:31.209222   25120 watch.go:40] Failed to load config from "c:\\Users\\hamda\\Desktop\\All 13-02-2026\\Alaa_Tegnology_CO.Root\\dataconnect": could not find dataconnect.yaml in `c:\Users\hamda\Desktop\All 13-02-2026\Alaa_Tegnology_CO.Root\dataconnect`
 {"metadata":{"emulator":{"name":"dataconnect"},"message":"E0608 04:08:31.209222   25120 watch.go:40] Failed to load config from \"c:\\\\Users\\\\hamda\\\\Desktop\\\\All 13-02-2026\\\\Alaa_Tegnology_CO.Root\\\\dataconnect\": could not find dataconnect.yaml in `c:\\Users\\hamda\\Desktop\\All 13-02-2026\\Alaa_Tegnology_CO.Root\\dataconnect`\n"}}
[debug] [2026-06-08T01:08:41.209Z] E0608 04:08:41.209095   25120 watch.go:116] watchAllDir unable to walk dir `c:\Users\hamda\Desktop\All 13-02-2026\Alaa_Tegnology_CO.Root\dataconnect`: GetFileAttributesEx c:\Users\hamda\Desktop\All 13-02-2026\Alaa_Tegnology_CO.Root\dataconnect: The system cannot find the file specified.
 {"metadata":{"emulator":{"name":"dataconnect"},"message":"E0608 04:08:41.209095   25120 watch.go:116] watchAllDir unable to walk dir `c:\\Users\\hamda\\Desktop\\All 13-02-2026\\Alaa_Tegnology_CO.Root\\dataconnect`: GetFileAttributesEx c:\\Users\\hamda\\Desktop\\All 13-02-2026\\Alaa_Tegnology_CO.Root\\dataconnect: The system cannot find the file specified.\n"}}
[debug] [2026-06-08T01:08:41.210Z] E0608 04:08:41.209646   25120 watch.go:40] Failed to load config from "c:\\Users\\hamda\\Desktop\\All 13-02-2026\\Alaa_Tegnology_CO.Root\\dataconnect": could not find dataconnect.yaml in `c:\Users\hamda\Desktop\All 13-02-2026\Alaa_Tegnology_CO.Root\dataconnect`
 {"metadata":{"emulator":{"name":"dataconnect"},"message":"E0608 04:08:41.209646   25120 watch.go:40] Failed to load config from \"c:\\\\Users\\\\hamda\\\\Desktop\\\\All 13-02-2026\\\\Alaa_Tegnology_CO.Root\\\\dataconnect\": could not find dataconnect.yaml in `c:\\Users\\hamda\\Desktop\\All 13-02-2026\\Alaa_Tegnology_CO.Root\\dataconnect`\n"}}
[debug] [2026-06-08T01:08:51.209Z] E0608 04:08:51.209206   25120 watch.go:40] Failed to load config from "c:\\Users\\hamda\\Desktop\\All 13-02-2026\\Alaa_Tegnology_CO.Root\\dataconnect": could not find dataconnect.yaml in `c:\Users\hamda\Desktop\All 13-02-2026\Alaa_Tegnology_CO.Root\dataconnect`
 {"metadata":{"emulator":{"name":"dataconnect"},"message":"E0608 04:08:51.209206   25120 watch.go:40] Failed to load config from \"c:\\\\Users\\\\hamda\\\\Desktop\\\\All 13-02-2026\\\\Alaa_Tegnology_CO.Root\\\\dataconnect\": could not find dataconnect.yaml in `c:\\Users\\hamda\\Desktop\\All 13-02-2026\\Alaa_Tegnology_CO.Root\\dataconnect`\n"}}
[debug] [2026-06-08T01:09:01.209Z] E0608 04:09:01.209116   25120 watch.go:40] Failed to load config from "c:\\Users\\hamda\\Desktop\\All 13-02-2026\\Alaa_Tegnology_CO.Root\\dataconnect": could not find dataconnect.yaml in `c:\Users\hamda\Desktop\All 13-02-2026\Alaa_Tegnology_CO.Root\dataconnect`
 {"metadata":{"emulator":{"name":"dataconnect"},"message":"E0608 04:09:01.209116   25120 watch.go:40] Failed to load config from \"c:\\\\Users\\\\hamda\\\\Desktop\\\\All 13-02-2026\\\\Alaa_Tegnology_CO.Root\\\\dataconnect\": could not find dataconnect.yaml in `c:\\Users\\hamda\\Desktop\\All 13-02-2026\\Alaa_Tegnology_CO.Root\\dataconnect`\n"}}
[debug] [2026-06-08T01:09:11.209Z] E0608 04:09:11.209360   25120 watch.go:40] Failed to load config from "c:\\Users\\hamda\\Desktop\\All 13-02-2026\\Alaa_Tegnology_CO.Root\\dataconnect": could not find dataconnect.yaml in `c:\Users\hamda\Desktop\All 13-02-2026\Alaa_Tegnology_CO.Root\dataconnect`
 {"metadata":{"emulator":{"name":"dataconnect"},"message":"E0608 04:09:11.209360   25120 watch.go:40] Failed to load config from \"c:\\\\Users\\\\hamda\\\\Desktop\\\\All 13-02-2026\\\\Alaa_Tegnology_CO.Root\\\\dataconnect\": could not find dataconnect.yaml in `c:\\Users\\hamda\\Desktop\\All 13-02-2026\\Alaa_Tegnology_CO.Root\\dataconnect`\n"}}
[debug] [2026-06-08T01:09:25.838Z] E0608 04:09:21.209087   25120 watch.go:40] Failed to load config from "c:\\Users\\hamda\\Desktop\\All 13-02-2026\\Alaa_Tegnology_CO.Root\\dataconnect": could not find dataconnect.yaml in `c:\Users\hamda\Desktop\All 13-02-2026\Alaa_Tegnology_CO.Root\dataconnect`
 {"metadata":{"emulator":{"name":"dataconnect"},"message":"E0608 04:09:21.209087   25120 watch.go:40] Failed to load config from \"c:\\\\Users\\\\hamda\\\\Desktop\\\\All 13-02-2026\\\\Alaa_Tegnology_CO.Root\\\\dataconnect\": could not find dataconnect.yaml in `c:\\Users\\hamda\\Desktop\\All 13-02-2026\\Alaa_Tegnology_CO.Root\\dataconnect`\n"}}
[debug] [2026-06-08T01:09:31.209Z] E0608 04:09:31.209829   25120 watch.go:40] Failed to load config from "c:\\Users\\hamda\\Desktop\\All 13-02-2026\\Alaa_Tegnology_CO.Root\\dataconnect": could not find dataconnect.yaml in `c:\Users\hamda\Desktop\All 13-02-2026\Alaa_Tegnology_CO.Root\dataconnect`
 {"metadata":{"emulator":{"name":"dataconnect"},"message":"E0608 04:09:31.209829   25120 watch.go:40] Failed to load config from \"c:\\\\Users\\\\hamda\\\\Desktop\\\\All 13-02-2026\\\\Alaa_Tegnology_CO.Root\\\\dataconnect\": could not find dataconnect.yaml in `c:\\Users\\hamda\\Desktop\\All 13-02-2026\\Alaa_Tegnology_CO.Root\\dataconnect`\n"}}
[debug] [2026-06-08T01:09:41.232Z] E0608 04:09:41.226989   25120 watch.go:116] watchAllDir unable to walk dir `c:\Users\hamda\Desktop\All 13-02-2026\Alaa_Tegnology_CO.Root\dataconnect`: GetFileAttributesEx c:\Users\hamda\Desktop\All 13-02-2026\Alaa_Tegnology_CO.Root\dataconnect: The system cannot find the file specified.
E0608 04:09:41.226989   25120 watch.go:40] Failed to load config from "c:\\Users\\hamda\\Desktop\\All 13-02-2026\\Alaa_Tegnology_CO.Root\\dataconnect": could not find dataconnect.yaml in `c:\Users\hamda\Desktop\All 13-02-2026\Alaa_Tegnology_CO.Root\dataconnect`
 {"metadata":{"emulator":{"name":"dataconnect"},"message":"E0608 04:09:41.226989   25120 watch.go:116] watchAllDir unable to walk dir `c:\\Users\\hamda\\Desktop\\All 13-02-2026\\Alaa_Tegnology_CO.Root\\dataconnect`: GetFileAttributesEx c:\\Users\\hamda\\Desktop\\All 13-02-2026\\Alaa_Tegnology_CO.Root\\dataconnect: The system cannot find the file specified.\nE0608 04:09:41.226989   25120 watch.go:40] Failed to load config from \"c:\\\\Users\\\\hamda\\\\Desktop\\\\All 13-02-2026\\\\Alaa_Tegnology_CO.Root\\\\dataconnect\": could not find dataconnect.yaml in `c:\\Users\\hamda\\Desktop\\All 13-02-2026\\Alaa_Tegnology_CO.Root\\dataconnect`\n"}}
[debug] [2026-06-08T01:09:51.210Z] E0608 04:09:51.210376   25120 watch.go:40] Failed to load config from "c:\\Users\\hamda\\Desktop\\All 13-02-2026\\Alaa_Tegnology_CO.Root\\dataconnect": could not find dataconnect.yaml in `c:\Users\hamda\Desktop\All 13-02-2026\Alaa_Tegnology_CO.Root\dataconnect`
 {"metadata":{"emulator":{"name":"dataconnect"},"message":"E0608 04:09:51.210376   25120 watch.go:40] Failed to load config from \"c:\\\\Users\\\\hamda\\\\Desktop\\\\All 13-02-2026\\\\Alaa_Tegnology_CO.Root\\\\dataconnect\": could not find dataconnect.yaml in `c:\\Users\\hamda\\Desktop\\All 13-02-2026\\Alaa_Tegnology_CO.Root\\dataconnect`\n"}}
[debug] [2026-06-08T01:10:01.209Z] E0608 04:10:01.209224   25120 watch.go:40] Failed to load config from "c:\\Users\\hamda\\Desktop\\All 13-02-2026\\Alaa_Tegnology_CO.Root\\dataconnect": could not find dataconnect.yaml in `c:\Users\hamda\Desktop\All 13-02-2026\Alaa_Tegnology_CO.Root\dataconnect`
 {"metadata":{"emulator":{"name":"dataconnect"},"message":"E0608 04:10:01.209224   25120 watch.go:40] Failed to load config from \"c:\\\\Users\\\\hamda\\\\Desktop\\\\All 13-02-2026\\\\Alaa_Tegnology_CO.Root\\\\dataconnect\": could not find dataconnect.yaml in `c:\\Users\\hamda\\Desktop\\All 13-02-2026\\Alaa_Tegnology_CO.Root\\dataconnect`\n"}}
[debug] [2026-06-08T01:10:11.209Z] E0608 04:10:11.209316   25120 watch.go:40] Failed to load config from "c:\\Users\\hamda\\Desktop\\All 13-02-2026\\Alaa_Tegnology_CO.Root\\dataconnect": could not find dataconnect.yaml in `c:\Users\hamda\Desktop\All 13-02-2026\Alaa_Tegnology_CO.Root\dataconnect`
 {"metadata":{"emulator":{"name":"dataconnect"},"message":"E0608 04:10:11.209316   25120 watch.go:40] Failed to load config from \"c:\\\\Users\\\\hamda\\\\Desktop\\\\All 13-02-2026\\\\Alaa_Tegnology_CO.Root\\\\dataconnect\": could not find dataconnect.yaml in `c:\\Users\\hamda\\Desktop\\All 13-02-2026\\Alaa_Tegnology_CO.Root\\dataconnect`\n"}}
[debug] [2026-06-08T01:10:21.208Z] E0608 04:10:21.209046   25120 watch.go:40] Failed to load config from "c:\\Users\\hamda\\Desktop\\All 13-02-2026\\Alaa_Tegnology_CO.Root\\dataconnect": could not find dataconnect.yaml in `c:\Users\hamda\Desktop\All 13-02-2026\Alaa_Tegnology_CO.Root\dataconnect`
 {"metadata":{"emulator":{"name":"dataconnect"},"message":"E0608 04:10:21.209046   25120 watch.go:40] Failed to load config from \"c:\\\\Users\\\\hamda\\\\Desktop\\\\All 13-02-2026\\\\Alaa_Tegnology_CO.Root\\\\dataconnect\": could not find dataconnect.yaml in `c:\\Users\\hamda\\Desktop\\All 13-02-2026\\Alaa_Tegnology_CO.Root\\dataconnect`\n"}}
[debug] [2026-06-08T01:10:31.208Z] E0608 04:10:31.209079   25120 watch.go:40] Failed to load config from "c:\\Users\\hamda\\Desktop\\All 13-02-2026\\Alaa_Tegnology_CO.Root\\dataconnect": could not find dataconnect.yaml in `c:\Users\hamda\Desktop\All 13-02-2026\Alaa_Tegnology_CO.Root\dataconnect`
 {"metadata":{"emulator":{"name":"dataconnect"},"message":"E0608 04:10:31.209079   25120 watch.go:40] Failed to load config from \"c:\\\\Users\\\\hamda\\\\Desktop\\\\All 13-02-2026\\\\Alaa_Tegnology_CO.Root\\\\dataconnect\": could not find dataconnect.yaml in `c:\\Users\\hamda\\Desktop\\All 13-02-2026\\Alaa_Tegnology_CO.Root\\dataconnect`\n"}}
[debug] [2026-06-08T01:10:41.208Z] E0608 04:10:41.208996   25120 watch.go:116] watchAllDir unable to walk dir `c:\Users\hamda\Desktop\All 13-02-2026\Alaa_Tegnology_CO.Root\dataconnect`: GetFileAttributesEx c:\Users\hamda\Desktop\All 13-02-2026\Alaa_Tegnology_CO.Root\dataconnect: The system cannot find the file specified.
 {"metadata":{"emulator":{"name":"dataconnect"},"message":"E0608 04:10:41.208996   25120 watch.go:116] watchAllDir unable to walk dir `c:\\Users\\hamda\\Desktop\\All 13-02-2026\\Alaa_Tegnology_CO.Root\\dataconnect`: GetFileAttributesEx c:\\Users\\hamda\\Desktop\\All 13-02-2026\\Alaa_Tegnology_CO.Root\\dataconnect: The system cannot find the file specified.\n"}}
[debug] [2026-06-08T01:10:41.209Z] E0608 04:10:41.208996   25120 watch.go:40] Failed to load config from "c:\\Users\\hamda\\Desktop\\All 13-02-2026\\Alaa_Tegnology_CO.Root\\dataconnect": could not find dataconnect.yaml in `c:\Users\hamda\Desktop\All 13-02-2026\Alaa_Tegnology_CO.Root\dataconnect`
 {"metadata":{"emulator":{"name":"dataconnect"},"message":"E0608 04:10:41.208996   25120 watch.go:40] Failed to load config from \"c:\\\\Users\\\\hamda\\\\Desktop\\\\All 13-02-2026\\\\Alaa_Tegnology_CO.Root\\\\dataconnect\": could not find dataconnect.yaml in `c:\\Users\\hamda\\Desktop\\All 13-02-2026\\Alaa_Tegnology_CO.Root\\dataconnect`\n"}}
[debug] [2026-06-08T01:10:51.209Z] E0608 04:10:51.209608   25120 watch.go:40] Failed to load config from "c:\\Users\\hamda\\Desktop\\All 13-02-2026\\Alaa_Tegnology_CO.Root\\dataconnect": could not find dataconnect.yaml in `c:\Users\hamda\Desktop\All 13-02-2026\Alaa_Tegnology_CO.Root\dataconnect`
 {"metadata":{"emulator":{"name":"dataconnect"},"message":"E0608 04:10:51.209608   25120 watch.go:40] Failed to load config from \"c:\\\\Users\\\\hamda\\\\Desktop\\\\All 13-02-2026\\\\Alaa_Tegnology_CO.Root\\\\dataconnect\": could not find dataconnect.yaml in `c:\\Users\\hamda\\Desktop\\All 13-02-2026\\Alaa_Tegnology_CO.Root\\dataconnect`\n"}}
[debug] [2026-06-08T01:11:01.209Z] E0608 04:11:01.209569   25120 watch.go:40] Failed to load config from "c:\\Users\\hamda\\Desktop\\All 13-02-2026\\Alaa_Tegnology_CO.Root\\dataconnect": could not find dataconnect.yaml in `c:\Users\hamda\Desktop\All 13-02-2026\Alaa_Tegnology_CO.Root\dataconnect`
 {"metadata":{"emulator":{"name":"dataconnect"},"message":"E0608 04:11:01.209569   25120 watch.go:40] Failed to load config from \"c:\\\\Users\\\\hamda\\\\Desktop\\\\All 13-02-2026\\\\Alaa_Tegnology_CO.Root\\\\dataconnect\": could not find dataconnect.yaml in `c:\\Users\\hamda\\Desktop\\All 13-02-2026\\Alaa_Tegnology_CO.Root\\dataconnect`\n"}}
[debug] [2026-06-08T01:11:11.209Z] E0608 04:11:11.209037   25120 watch.go:40] Failed to load config from "c:\\Users\\hamda\\Desktop\\All 13-02-2026\\Alaa_Tegnology_CO.Root\\dataconnect": could not find dataconnect.yaml in `c:\Users\hamda\Desktop\All 13-02-2026\Alaa_Tegnology_CO.Root\dataconnect`
 {"metadata":{"emulator":{"name":"dataconnect"},"message":"E0608 04:11:11.209037   25120 watch.go:40] Failed to load config from \"c:\\\\Users\\\\hamda\\\\Desktop\\\\All 13-02-2026\\\\Alaa_Tegnology_CO.Root\\\\dataconnect\": could not find dataconnect.yaml in `c:\\Users\\hamda\\Desktop\\All 13-02-2026\\Alaa_Tegnology_CO.Root\\dataconnect`\n"}}
[debug] [2026-06-08T01:11:21.209Z] E0608 04:11:21.209485   25120 watch.go:40] Failed to load config from "c:\\Users\\hamda\\Desktop\\All 13-02-2026\\Alaa_Tegnology_CO.Root\\dataconnect": could not find dataconnect.yaml in `c:\Users\hamda\Desktop\All 13-02-2026\Alaa_Tegnology_CO.Root\dataconnect`
 {"metadata":{"emulator":{"name":"dataconnect"},"message":"E0608 04:11:21.209485   25120 watch.go:40] Failed to load config from \"c:\\\\Users\\\\hamda\\\\Desktop\\\\All 13-02-2026\\\\Alaa_Tegnology_CO.Root\\\\dataconnect\": could not find dataconnect.yaml in `c:\\Users\\hamda\\Desktop\\All 13-02-2026\\Alaa_Tegnology_CO.Root\\dataconnect`\n"}}
[debug] [2026-06-08T01:11:31.209Z] E0608 04:11:31.209445   25120 watch.go:40] Failed to load config from "c:\\Users\\hamda\\Desktop\\All 13-02-2026\\Alaa_Tegnology_CO.Root\\dataconnect": could not find dataconnect.yaml in `c:\Users\hamda\Desktop\All 13-02-2026\Alaa_Tegnology_CO.Root\dataconnect`
 {"metadata":{"emulator":{"name":"dataconnect"},"message":"E0608 04:11:31.209445   25120 watch.go:40] Failed to load config from \"c:\\\\Users\\\\hamda\\\\Desktop\\\\All 13-02-2026\\\\Alaa_Tegnology_CO.Root\\\\dataconnect\": could not find dataconnect.yaml in `c:\\Users\\hamda\\Desktop\\All 13-02-2026\\Alaa_Tegnology_CO.Root\\dataconnect`\n"}}
[debug] [2026-06-08T01:11:41.209Z] E0608 04:11:41.209146   25120 watch.go:116] watchAllDir unable to walk dir `c:\Users\hamda\Desktop\All 13-02-2026\Alaa_Tegnology_CO.Root\dataconnect`: GetFileAttributesEx c:\Users\hamda\Desktop\All 13-02-2026\Alaa_Tegnology_CO.Root\dataconnect: The system cannot find the file specified.
 {"metadata":{"emulator":{"name":"dataconnect"},"message":"E0608 04:11:41.209146   25120 watch.go:116] watchAllDir unable to walk dir `c:\\Users\\hamda\\Desktop\\All 13-02-2026\\Alaa_Tegnology_CO.Root\\dataconnect`: GetFileAttributesEx c:\\Users\\hamda\\Desktop\\All 13-02-2026\\Alaa_Tegnology_CO.Root\\dataconnect: The system cannot find the file specified.\n"}}
[debug] [2026-06-08T01:11:41.209Z] E0608 04:11:41.209146   25120 watch.go:40] Failed to load config from "c:\\Users\\hamda\\Desktop\\All 13-02-2026\\Alaa_Tegnology_CO.Root\\dataconnect": could not find dataconnect.yaml in `c:\Users\hamda\Desktop\All 13-02-2026\Alaa_Tegnology_CO.Root\dataconnect`
 {"metadata":{"emulator":{"name":"dataconnect"},"message":"E0608 04:11:41.209146   25120 watch.go:40] Failed to load config from \"c:\\\\Users\\\\hamda\\\\Desktop\\\\All 13-02-2026\\\\Alaa_Tegnology_CO.Root\\\\dataconnect\": could not find dataconnect.yaml in `c:\\Users\\hamda\\Desktop\\All 13-02-2026\\Alaa_Tegnology_CO.Root\\dataconnect`\n"}}
[debug] [2026-06-08T01:11:51.209Z] E0608 04:11:51.209659   25120 watch.go:40] Failed to load config from "c:\\Users\\hamda\\Desktop\\All 13-02-2026\\Alaa_Tegnology_CO.Root\\dataconnect": could not find dataconnect.yaml in `c:\Users\hamda\Desktop\All 13-02-2026\Alaa_Tegnology_CO.Root\dataconnect`
 {"metadata":{"emulator":{"name":"dataconnect"},"message":"E0608 04:11:51.209659   25120 watch.go:40] Failed to load config from \"c:\\\\Users\\\\hamda\\\\Desktop\\\\All 13-02-2026\\\\Alaa_Tegnology_CO.Root\\\\dataconnect\": could not find dataconnect.yaml in `c:\\Users\\hamda\\Desktop\\All 13-02-2026\\Alaa_Tegnology_CO.Root\\dataconnect`\n"}}
[debug] [2026-06-08T01:12:01.209Z] E0608 04:12:01.209071   25120 watch.go:40] Failed to load config from "c:\\Users\\hamda\\Desktop\\All 13-02-2026\\Alaa_Tegnology_CO.Root\\dataconnect": could not find dataconnect.yaml in `c:\Users\hamda\Desktop\All 13-02-2026\Alaa_Tegnology_CO.Root\dataconnect`
 {"metadata":{"emulator":{"name":"dataconnect"},"message":"E0608 04:12:01.209071   25120 watch.go:40] Failed to load config from \"c:\\\\Users\\\\hamda\\\\Desktop\\\\All 13-02-2026\\\\Alaa_Tegnology_CO.Root\\\\dataconnect\": could not find dataconnect.yaml in `c:\\Users\\hamda\\Desktop\\All 13-02-2026\\Alaa_Tegnology_CO.Root\\dataconnect`\n"}}
[debug] [2026-06-08T01:12:11.209Z] E0608 04:12:11.209252   25120 watch.go:40] Failed to load config from "c:\\Users\\hamda\\Desktop\\All 13-02-2026\\Alaa_Tegnology_CO.Root\\dataconnect": could not find dataconnect.yaml in `c:\Users\hamda\Desktop\All 13-02-2026\Alaa_Tegnology_CO.Root\dataconnect`
 {"metadata":{"emulator":{"name":"dataconnect"},"message":"E0608 04:12:11.209252   25120 watch.go:40] Failed to load config from \"c:\\\\Users\\\\hamda\\\\Desktop\\\\All 13-02-2026\\\\Alaa_Tegnology_CO.Root\\\\dataconnect\": could not find dataconnect.yaml in `c:\\Users\\hamda\\Desktop\\All 13-02-2026\\Alaa_Tegnology_CO.Root\\dataconnect`\n"}}
[debug] [2026-06-08T01:12:21.209Z] E0608 04:12:21.209302   25120 watch.go:40] Failed to load config from "c:\\Users\\hamda\\Desktop\\All 13-02-2026\\Alaa_Tegnology_CO.Root\\dataconnect": could not find dataconnect.yaml in `c:\Users\hamda\Desktop\All 13-02-2026\Alaa_Tegnology_CO.Root\dataconnect`
 {"metadata":{"emulator":{"name":"dataconnect"},"message":"E0608 04:12:21.209302   25120 watch.go:40] Failed to load config from \"c:\\\\Users\\\\hamda\\\\Desktop\\\\All 13-02-2026\\\\Alaa_Tegnology_CO.Root\\\\dataconnect\": could not find dataconnect.yaml in `c:\\Users\\hamda\\Desktop\\All 13-02-2026\\Alaa_Tegnology_CO.Root\\dataconnect`\n"}}
[debug] [2026-06-08T01:12:31.209Z] E0608 04:12:31.209299   25120 watch.go:40] Failed to load config from "c:\\Users\\hamda\\Desktop\\All 13-02-2026\\Alaa_Tegnology_CO.Root\\dataconnect": could not find dataconnect.yaml in `c:\Users\hamda\Desktop\All 13-02-2026\Alaa_Tegnology_CO.Root\dataconnect`
 {"metadata":{"emulator":{"name":"dataconnect"},"message":"E0608 04:12:31.209299   25120 watch.go:40] Failed to load config from \"c:\\\\Users\\\\hamda\\\\Desktop\\\\All 13-02-2026\\\\Alaa_Tegnology_CO.Root\\\\dataconnect\": could not find dataconnect.yaml in `c:\\Users\\hamda\\Desktop\\All 13-02-2026\\Alaa_Tegnology_CO.Root\\dataconnect`\n"}}
[debug] [2026-06-08T01:12:41.217Z] E0608 04:12:41.209422   25120 watch.go:116] watchAllDir unable to walk dir `c:\Users\hamda\Desktop\All 13-02-2026\Alaa_Tegnology_CO.Root\dataconnect`: GetFileAttributesEx c:\Users\hamda\Desktop\All 13-02-2026\Alaa_Tegnology_CO.Root\dataconnect: The system cannot find the file specified.
E0608 04:12:41.209941   25120 watch.go:40] Failed to load config from "c:\\Users\\hamda\\Desktop\\All 13-02-2026\\Alaa_Tegnology_CO.Root\\dataconnect": could not find dataconnect.yaml in `c:\Users\hamda\Desktop\All 13-02-2026\Alaa_Tegnology_CO.Root\dataconnect`
 {"metadata":{"emulator":{"name":"dataconnect"},"message":"E0608 04:12:41.209422   25120 watch.go:116] watchAllDir unable to walk dir `c:\\Users\\hamda\\Desktop\\All 13-02-2026\\Alaa_Tegnology_CO.Root\\dataconnect`: GetFileAttributesEx c:\\Users\\hamda\\Desktop\\All 13-02-2026\\Alaa_Tegnology_CO.Root\\dataconnect: The system cannot find the file specified.\nE0608 04:12:41.209941   25120 watch.go:40] Failed to load config from \"c:\\\\Users\\\\hamda\\\\Desktop\\\\All 13-02-2026\\\\Alaa_Tegnology_CO.Root\\\\dataconnect\": could not find dataconnect.yaml in `c:\\Users\\hamda\\Desktop\\All 13-02-2026\\Alaa_Tegnology_CO.Root\\dataconnect`\n"}}
[debug] [2026-06-08T01:12:51.209Z] E0608 04:12:51.209409   25120 watch.go:40] Failed to load config from "c:\\Users\\hamda\\Desktop\\All 13-02-2026\\Alaa_Tegnology_CO.Root\\dataconnect": could not find dataconnect.yaml in `c:\Users\hamda\Desktop\All 13-02-2026\Alaa_Tegnology_CO.Root\dataconnect`
 {"metadata":{"emulator":{"name":"dataconnect"},"message":"E0608 04:12:51.209409   25120 watch.go:40] Failed to load config from \"c:\\\\Users\\\\hamda\\\\Desktop\\\\All 13-02-2026\\\\Alaa_Tegnology_CO.Root\\\\dataconnect\": could not find dataconnect.yaml in `c:\\Users\\hamda\\Desktop\\All 13-02-2026\\Alaa_Tegnology_CO.Root\\dataconnect`\n"}}
[debug] [2026-06-08T01:13:01.209Z] E0608 04:13:01.209510   25120 watch.go:40] Failed to load config from "c:\\Users\\hamda\\Desktop\\All 13-02-2026\\Alaa_Tegnology_CO.Root\\dataconnect": could not find dataconnect.yaml in `c:\Users\hamda\Desktop\All 13-02-2026\Alaa_Tegnology_CO.Root\dataconnect`
 {"metadata":{"emulator":{"name":"dataconnect"},"message":"E0608 04:13:01.209510   25120 watch.go:40] Failed to load config from \"c:\\\\Users\\\\hamda\\\\Desktop\\\\All 13-02-2026\\\\Alaa_Tegnology_CO.Root\\\\dataconnect\": could not find dataconnect.yaml in `c:\\Users\\hamda\\Desktop\\All 13-02-2026\\Alaa_Tegnology_CO.Root\\dataconnect`\n"}}
[debug] [2026-06-08T01:13:11.209Z] E0608 04:13:11.209262   25120 watch.go:40] Failed to load config from "c:\\Users\\hamda\\Desktop\\All 13-02-2026\\Alaa_Tegnology_CO.Root\\dataconnect": could not find dataconnect.yaml in `c:\Users\hamda\Desktop\All 13-02-2026\Alaa_Tegnology_CO.Root\dataconnect`
 {"metadata":{"emulator":{"name":"dataconnect"},"message":"E0608 04:13:11.209262   25120 watch.go:40] Failed to load config from \"c:\\\\Users\\\\hamda\\\\Desktop\\\\All 13-02-2026\\\\Alaa_Tegnology_CO.Root\\\\dataconnect\": could not find dataconnect.yaml in `c:\\Users\\hamda\\Desktop\\All 13-02-2026\\Alaa_Tegnology_CO.Root\\dataconnect`\n"}}
[debug] [2026-06-08T01:13:21.209Z] E0608 04:13:21.209087   25120 watch.go:40] Failed to load config from "c:\\Users\\hamda\\Desktop\\All 13-02-2026\\Alaa_Tegnology_CO.Root\\dataconnect": could not find dataconnect.yaml in `c:\Users\hamda\Desktop\All 13-02-2026\Alaa_Tegnology_CO.Root\dataconnect`
 {"metadata":{"emulator":{"name":"dataconnect"},"message":"E0608 04:13:21.209087   25120 watch.go:40] Failed to load config from \"c:\\\\Users\\\\hamda\\\\Desktop\\\\All 13-02-2026\\\\Alaa_Tegnology_CO.Root\\\\dataconnect\": could not find dataconnect.yaml in `c:\\Users\\hamda\\Desktop\\All 13-02-2026\\Alaa_Tegnology_CO.Root\\dataconnect`\n"}}
[debug] [2026-06-08T01:13:31.209Z] E0608 04:13:31.209315   25120 watch.go:40] Failed to load config from "c:\\Users\\hamda\\Desktop\\All 13-02-2026\\Alaa_Tegnology_CO.Root\\dataconnect": could not find dataconnect.yaml in `c:\Users\hamda\Desktop\All 13-02-2026\Alaa_Tegnology_CO.Root\dataconnect`
 {"metadata":{"emulator":{"name":"dataconnect"},"message":"E0608 04:13:31.209315   25120 watch.go:40] Failed to load config from \"c:\\\\Users\\\\hamda\\\\Desktop\\\\All 13-02-2026\\\\Alaa_Tegnology_CO.Root\\\\dataconnect\": could not find dataconnect.yaml in `c:\\Users\\hamda\\Desktop\\All 13-02-2026\\Alaa_Tegnology_CO.Root\\dataconnect`\n"}}
[debug] [2026-06-08T01:13:41.209Z] E0608 04:13:41.209485   25120 watch.go:116] watchAllDir unable to walk dir `c:\Users\hamda\Desktop\All 13-02-2026\Alaa_Tegnology_CO.Root\dataconnect`: GetFileAttributesEx c:\Users\hamda\Desktop\All 13-02-2026\Alaa_Tegnology_CO.Root\dataconnect: The system cannot find the file specified.
 {"metadata":{"emulator":{"name":"dataconnect"},"message":"E0608 04:13:41.209485   25120 watch.go:116] watchAllDir unable to walk dir `c:\\Users\\hamda\\Desktop\\All 13-02-2026\\Alaa_Tegnology_CO.Root\\dataconnect`: GetFileAttributesEx c:\\Users\\hamda\\Desktop\\All 13-02-2026\\Alaa_Tegnology_CO.Root\\dataconnect: The system cannot find the file specified.\n"}}
[debug] [2026-06-08T01:13:41.210Z] E0608 04:13:41.209485   25120 watch.go:40] Failed to load config from "c:\\Users\\hamda\\Desktop\\All 13-02-2026\\Alaa_Tegnology_CO.Root\\dataconnect": could not find dataconnect.yaml in `c:\Users\hamda\Desktop\All 13-02-2026\Alaa_Tegnology_CO.Root\dataconnect`
 {"metadata":{"emulator":{"name":"dataconnect"},"message":"E0608 04:13:41.209485   25120 watch.go:40] Failed to load config from \"c:\\\\Users\\\\hamda\\\\Desktop\\\\All 13-02-2026\\\\Alaa_Tegnology_CO.Root\\\\dataconnect\": could not find dataconnect.yaml in `c:\\Users\\hamda\\Desktop\\All 13-02-2026\\Alaa_Tegnology_CO.Root\\dataconnect`\n"}}
[debug] [2026-06-08T01:13:51.209Z] E0608 04:13:51.209254   25120 watch.go:40] Failed to load config from "c:\\Users\\hamda\\Desktop\\All 13-02-2026\\Alaa_Tegnology_CO.Root\\dataconnect": could not find dataconnect.yaml in `c:\Users\hamda\Desktop\All 13-02-2026\Alaa_Tegnology_CO.Root\dataconnect`
 {"metadata":{"emulator":{"name":"dataconnect"},"message":"E0608 04:13:51.209254   25120 watch.go:40] Failed to load config from \"c:\\\\Users\\\\hamda\\\\Desktop\\\\All 13-02-2026\\\\Alaa_Tegnology_CO.Root\\\\dataconnect\": could not find dataconnect.yaml in `c:\\Users\\hamda\\Desktop\\All 13-02-2026\\Alaa_Tegnology_CO.Root\\dataconnect`\n"}}
[debug] [2026-06-08T01:14:01.209Z] E0608 04:14:01.209393   25120 watch.go:40] Failed to load config from "c:\\Users\\hamda\\Desktop\\All 13-02-2026\\Alaa_Tegnology_CO.Root\\dataconnect": could not find dataconnect.yaml in `c:\Users\hamda\Desktop\All 13-02-2026\Alaa_Tegnology_CO.Root\dataconnect`
 {"metadata":{"emulator":{"name":"dataconnect"},"message":"E0608 04:14:01.209393   25120 watch.go:40] Failed to load config from \"c:\\\\Users\\\\hamda\\\\Desktop\\\\All 13-02-2026\\\\Alaa_Tegnology_CO.Root\\\\dataconnect\": could not find dataconnect.yaml in `c:\\Users\\hamda\\Desktop\\All 13-02-2026\\Alaa_Tegnology_CO.Root\\dataconnect`\n"}}
[debug] [2026-06-08T01:14:11.209Z] E0608 04:14:11.209064   25120 watch.go:40] Failed to load config from "c:\\Users\\hamda\\Desktop\\All 13-02-2026\\Alaa_Tegnology_CO.Root\\dataconnect": could not find dataconnect.yaml in `c:\Users\hamda\Desktop\All 13-02-2026\Alaa_Tegnology_CO.Root\dataconnect`
 {"metadata":{"emulator":{"name":"dataconnect"},"message":"E0608 04:14:11.209064   25120 watch.go:40] Failed to load config from \"c:\\\\Users\\\\hamda\\\\Desktop\\\\All 13-02-2026\\\\Alaa_Tegnology_CO.Root\\\\dataconnect\": could not find dataconnect.yaml in `c:\\Users\\hamda\\Desktop\\All 13-02-2026\\Alaa_Tegnology_CO.Root\\dataconnect`\n"}}
[debug] [2026-06-08T01:14:21.209Z] E0608 04:14:21.209288   25120 watch.go:40] Failed to load config from "c:\\Users\\hamda\\Desktop\\All 13-02-2026\\Alaa_Tegnology_CO.Root\\dataconnect": could not find dataconnect.yaml in `c:\Users\hamda\Desktop\All 13-02-2026\Alaa_Tegnology_CO.Root\dataconnect`
 {"metadata":{"emulator":{"name":"dataconnect"},"message":"E0608 04:14:21.209288   25120 watch.go:40] Failed to load config from \"c:\\\\Users\\\\hamda\\\\Desktop\\\\All 13-02-2026\\\\Alaa_Tegnology_CO.Root\\\\dataconnect\": could not find dataconnect.yaml in `c:\\Users\\hamda\\Desktop\\All 13-02-2026\\Alaa_Tegnology_CO.Root\\dataconnect`\n"}}
[debug] [2026-06-08T01:14:31.209Z] E0608 04:14:31.209297   25120 watch.go:40] Failed to load config from "c:\\Users\\hamda\\Desktop\\All 13-02-2026\\Alaa_Tegnology_CO.Root\\dataconnect": could not find dataconnect.yaml in `c:\Users\hamda\Desktop\All 13-02-2026\Alaa_Tegnology_CO.Root\dataconnect`
 {"metadata":{"emulator":{"name":"dataconnect"},"message":"E0608 04:14:31.209297   25120 watch.go:40] Failed to load config from \"c:\\\\Users\\\\hamda\\\\Desktop\\\\All 13-02-2026\\\\Alaa_Tegnology_CO.Root\\\\dataconnect\": could not find dataconnect.yaml in `c:\\Users\\hamda\\Desktop\\All 13-02-2026\\Alaa_Tegnology_CO.Root\\dataconnect`\n"}}
[debug] [2026-06-08T01:14:41.209Z] E0608 04:14:41.209181   25120 watch.go:116] watchAllDir unable to walk dir `c:\Users\hamda\Desktop\All 13-02-2026\Alaa_Tegnology_CO.Root\dataconnect`: GetFileAttributesEx c:\Users\hamda\Desktop\All 13-02-2026\Alaa_Tegnology_CO.Root\dataconnect: The system cannot find the file specified.
E0608 04:14:41.209181   25120 watch.go:40] Failed to load config from "c:\\Users\\hamda\\Desktop\\All 13-02-2026\\Alaa_Tegnology_CO.Root\\dataconnect": could not find dataconnect.yaml in `c:\Users\hamda\Desktop\All 13-02-2026\Alaa_Tegnology_CO.Root\dataconnect`
 {"metadata":{"emulator":{"name":"dataconnect"},"message":"E0608 04:14:41.209181   25120 watch.go:116] watchAllDir unable to walk dir `c:\\Users\\hamda\\Desktop\\All 13-02-2026\\Alaa_Tegnology_CO.Root\\dataconnect`: GetFileAttributesEx c:\\Users\\hamda\\Desktop\\All 13-02-2026\\Alaa_Tegnology_CO.Root\\dataconnect: The system cannot find the file specified.\nE0608 04:14:41.209181   25120 watch.go:40] Failed to load config from \"c:\\\\Users\\\\hamda\\\\Desktop\\\\All 13-02-2026\\\\Alaa_Tegnology_CO.Root\\\\dataconnect\": could not find dataconnect.yaml in `c:\\Users\\hamda\\Desktop\\All 13-02-2026\\Alaa_Tegnology_CO.Root\\dataconnect`\n"}}
[debug] [2026-06-08T01:14:51.209Z] E0608 04:14:51.209203   25120 watch.go:40] Failed to load config from "c:\\Users\\hamda\\Desktop\\All 13-02-2026\\Alaa_Tegnology_CO.Root\\dataconnect": could not find dataconnect.yaml in `c:\Users\hamda\Desktop\All 13-02-2026\Alaa_Tegnology_CO.Root\dataconnect`
 {"metadata":{"emulator":{"name":"dataconnect"},"message":"E0608 04:14:51.209203   25120 watch.go:40] Failed to load config from \"c:\\\\Users\\\\hamda\\\\Desktop\\\\All 13-02-2026\\\\Alaa_Tegnology_CO.Root\\\\dataconnect\": could not find dataconnect.yaml in `c:\\Users\\hamda\\Desktop\\All 13-02-2026\\Alaa_Tegnology_CO.Root\\dataconnect`\n"}}
[debug] [2026-06-08T01:15:01.209Z] E0608 04:15:01.209322   25120 watch.go:40] Failed to load config from "c:\\Users\\hamda\\Desktop\\All 13-02-2026\\Alaa_Tegnology_CO.Root\\dataconnect": could not find dataconnect.yaml in `c:\Users\hamda\Desktop\All 13-02-2026\Alaa_Tegnology_CO.Root\dataconnect`
 {"metadata":{"emulator":{"name":"dataconnect"},"message":"E0608 04:15:01.209322   25120 watch.go:40] Failed to load config from \"c:\\\\Users\\\\hamda\\\\Desktop\\\\All 13-02-2026\\\\Alaa_Tegnology_CO.Root\\\\dataconnect\": could not find dataconnect.yaml in `c:\\Users\\hamda\\Desktop\\All 13-02-2026\\Alaa_Tegnology_CO.Root\\dataconnect`\n"}}
[debug] [2026-06-08T01:15:11.209Z] E0608 04:15:11.209290   25120 watch.go:40] Failed to load config from "c:\\Users\\hamda\\Desktop\\All 13-02-2026\\Alaa_Tegnology_CO.Root\\dataconnect": could not find dataconnect.yaml in `c:\Users\hamda\Desktop\All 13-02-2026\Alaa_Tegnology_CO.Root\dataconnect`
 {"metadata":{"emulator":{"name":"dataconnect"},"message":"E0608 04:15:11.209290   25120 watch.go:40] Failed to load config from \"c:\\\\Users\\\\hamda\\\\Desktop\\\\All 13-02-2026\\\\Alaa_Tegnology_CO.Root\\\\dataconnect\": could not find dataconnect.yaml in `c:\\Users\\hamda\\Desktop\\All 13-02-2026\\Alaa_Tegnology_CO.Root\\dataconnect`\n"}}
[debug] [2026-06-08T01:15:21.209Z] E0608 04:15:21.209272   25120 watch.go:40] Failed to load config from "c:\\Users\\hamda\\Desktop\\All 13-02-2026\\Alaa_Tegnology_CO.Root\\dataconnect": could not find dataconnect.yaml in `c:\Users\hamda\Desktop\All 13-02-2026\Alaa_Tegnology_CO.Root\dataconnect`
 {"metadata":{"emulator":{"name":"dataconnect"},"message":"E0608 04:15:21.209272   25120 watch.go:40] Failed to load config from \"c:\\\\Users\\\\hamda\\\\Desktop\\\\All 13-02-2026\\\\Alaa_Tegnology_CO.Root\\\\dataconnect\": could not find dataconnect.yaml in `c:\\Users\\hamda\\Desktop\\All 13-02-2026\\Alaa_Tegnology_CO.Root\\dataconnect`\n"}}
[debug] [2026-06-08T01:15:31.209Z] E0608 04:15:31.209059   25120 watch.go:40] Failed to load config from "c:\\Users\\hamda\\Desktop\\All 13-02-2026\\Alaa_Tegnology_CO.Root\\dataconnect": could not find dataconnect.yaml in `c:\Users\hamda\Desktop\All 13-02-2026\Alaa_Tegnology_CO.Root\dataconnect`
 {"metadata":{"emulator":{"name":"dataconnect"},"message":"E0608 04:15:31.209059   25120 watch.go:40] Failed to load config from \"c:\\\\Users\\\\hamda\\\\Desktop\\\\All 13-02-2026\\\\Alaa_Tegnology_CO.Root\\\\dataconnect\": could not find dataconnect.yaml in `c:\\Users\\hamda\\Desktop\\All 13-02-2026\\Alaa_Tegnology_CO.Root\\dataconnect`\n"}}
[debug] [2026-06-08T01:15:41.209Z] E0608 04:15:41.209251   25120 watch.go:116] watchAllDir unable to walk dir `c:\Users\hamda\Desktop\All 13-02-2026\Alaa_Tegnology_CO.Root\dataconnect`: GetFileAttributesEx c:\Users\hamda\Desktop\All 13-02-2026\Alaa_Tegnology_CO.Root\dataconnect: The system cannot find the file specified.
 {"metadata":{"emulator":{"name":"dataconnect"},"message":"E0608 04:15:41.209251   25120 watch.go:116] watchAllDir unable to walk dir `c:\\Users\\hamda\\Desktop\\All 13-02-2026\\Alaa_Tegnology_CO.Root\\dataconnect`: GetFileAttributesEx c:\\Users\\hamda\\Desktop\\All 13-02-2026\\Alaa_Tegnology_CO.Root\\dataconnect: The system cannot find the file specified.\n"}}
[debug] [2026-06-08T01:15:41.210Z] E0608 04:15:41.209251   25120 watch.go:40] Failed to load config from "c:\\Users\\hamda\\Desktop\\All 13-02-2026\\Alaa_Tegnology_CO.Root\\dataconnect": could not find dataconnect.yaml in `c:\Users\hamda\Desktop\All 13-02-2026\Alaa_Tegnology_CO.Root\dataconnect`
 {"metadata":{"emulator":{"name":"dataconnect"},"message":"E0608 04:15:41.209251   25120 watch.go:40] Failed to load config from \"c:\\\\Users\\\\hamda\\\\Desktop\\\\All 13-02-2026\\\\Alaa_Tegnology_CO.Root\\\\dataconnect\": could not find dataconnect.yaml in `c:\\Users\\hamda\\Desktop\\All 13-02-2026\\Alaa_Tegnology_CO.Root\\dataconnect`\n"}}
[debug] [2026-06-08T01:15:51.209Z] E0608 04:15:51.209439   25120 watch.go:40] Failed to load config from "c:\\Users\\hamda\\Desktop\\All 13-02-2026\\Alaa_Tegnology_CO.Root\\dataconnect": could not find dataconnect.yaml in `c:\Users\hamda\Desktop\All 13-02-2026\Alaa_Tegnology_CO.Root\dataconnect`
 {"metadata":{"emulator":{"name":"dataconnect"},"message":"E0608 04:15:51.209439   25120 watch.go:40] Failed to load config from \"c:\\\\Users\\\\hamda\\\\Desktop\\\\All 13-02-2026\\\\Alaa_Tegnology_CO.Root\\\\dataconnect\": could not find dataconnect.yaml in `c:\\Users\\hamda\\Desktop\\All 13-02-2026\\Alaa_Tegnology_CO.Root\\dataconnect`\n"}}
[debug] [2026-06-08T01:16:01.209Z] E0608 04:16:01.209517   25120 watch.go:40] Failed to load config from "c:\\Users\\hamda\\Desktop\\All 13-02-2026\\Alaa_Tegnology_CO.Root\\dataconnect": could not find dataconnect.yaml in `c:\Users\hamda\Desktop\All 13-02-2026\Alaa_Tegnology_CO.Root\dataconnect`
 {"metadata":{"emulator":{"name":"dataconnect"},"message":"E0608 04:16:01.209517   25120 watch.go:40] Failed to load config from \"c:\\\\Users\\\\hamda\\\\Desktop\\\\All 13-02-2026\\\\Alaa_Tegnology_CO.Root\\\\dataconnect\": could not find dataconnect.yaml in `c:\\Users\\hamda\\Desktop\\All 13-02-2026\\Alaa_Tegnology_CO.Root\\dataconnect`\n"}}
[debug] [2026-06-08T01:16:11.209Z] E0608 04:16:11.209363   25120 watch.go:40] Failed to load config from "c:\\Users\\hamda\\Desktop\\All 13-02-2026\\Alaa_Tegnology_CO.Root\\dataconnect": could not find dataconnect.yaml in `c:\Users\hamda\Desktop\All 13-02-2026\Alaa_Tegnology_CO.Root\dataconnect`
 {"metadata":{"emulator":{"name":"dataconnect"},"message":"E0608 04:16:11.209363   25120 watch.go:40] Failed to load config from \"c:\\\\Users\\\\hamda\\\\Desktop\\\\All 13-02-2026\\\\Alaa_Tegnology_CO.Root\\\\dataconnect\": could not find dataconnect.yaml in `c:\\Users\\hamda\\Desktop\\All 13-02-2026\\Alaa_Tegnology_CO.Root\\dataconnect`\n"}}
[debug] [2026-06-08T01:16:21.209Z] E0608 04:16:21.209062   25120 watch.go:40] Failed to load config from "c:\\Users\\hamda\\Desktop\\All 13-02-2026\\Alaa_Tegnology_CO.Root\\dataconnect": could not find dataconnect.yaml in `c:\Users\hamda\Desktop\All 13-02-2026\Alaa_Tegnology_CO.Root\dataconnect`
 {"metadata":{"emulator":{"name":"dataconnect"},"message":"E0608 04:16:21.209062   25120 watch.go:40] Failed to load config from \"c:\\\\Users\\\\hamda\\\\Desktop\\\\All 13-02-2026\\\\Alaa_Tegnology_CO.Root\\\\dataconnect\": could not find dataconnect.yaml in `c:\\Users\\hamda\\Desktop\\All 13-02-2026\\Alaa_Tegnology_CO.Root\\dataconnect`\n"}}
